<?xml version="1.0" encoding="UTF-8"?>
<testng-results ignored="0" total="2" passed="2" failed="0" skipped="0">
  <reporter-output>
  </reporter-output>
  <suite started-at="2022-09-06T01:52:22Z" name="Command line suite" finished-at="2022-09-06T01:59:35Z" duration-ms="432953">
    <groups>
    </groups>
    <test started-at="2022-09-06T01:52:22Z" name="Command line test" finished-at="2022-09-06T01:59:35Z" duration-ms="432953">
      <class name="com.qa.fb.keyword.tests.LoginTest">
        <test-method is-config="true" signature="setUp()[pri:0, instance:com.qa.fb.keyword.tests.LoginTest@7c137fd5]" started-at="2022-09-06T01:52:22Z" name="setUp" finished-at="2022-09-06T01:52:22Z" duration-ms="16" status="PASS">
          <reporter-output>
          </reporter-output>
        </test-method> <!-- setUp -->
        <test-method signature="loginTest()[pri:0, instance:com.qa.fb.keyword.tests.LoginTest@7c137fd5]" started-at="2022-09-06T01:52:22Z" name="loginTest" finished-at="2022-09-06T01:52:52Z" duration-ms="30067" status="PASS">
          <reporter-output>
          </reporter-output>
        </test-method> <!-- loginTest -->
      </class> <!-- com.qa.fb.keyword.tests.LoginTest -->
      <class name="com.qa.fb.keyword.tests.SignUpTest">
        <test-method is-config="true" signature="setUp()[pri:0, instance:com.qa.fb.keyword.tests.SignUpTest@183ec003]" started-at="2022-09-06T01:52:52Z" name="setUp" finished-at="2022-09-06T01:52:52Z" duration-ms="0" status="PASS">
          <reporter-output>
          </reporter-output>
        </test-method> <!-- setUp -->
        <test-method signature="signUpTest()[pri:0, instance:com.qa.fb.keyword.tests.SignUpTest@183ec003]" started-at="2022-09-06T01:52:52Z" name="signUpTest" finished-at="2022-09-06T01:59:35Z" duration-ms="402760" status="PASS">
          <reporter-output>
          </reporter-output>
        </test-method> <!-- signUpTest -->
      </class> <!-- com.qa.fb.keyword.tests.SignUpTest -->
    </test> <!-- Command line test -->
  </suite> <!-- Command line suite -->
</testng-results>
